[debug] [2020-12-15T07:00:29.708Z] ----------------------------------------------------------------------
[debug] [2020-12-15T07:00:29.709Z] Command:       /usr/bin/node /usr/bin/firebase deploy
[debug] [2020-12-15T07:00:29.709Z] CLI Version:   8.19.0
[debug] [2020-12-15T07:00:29.709Z] Platform:      linux
[debug] [2020-12-15T07:00:29.710Z] Node Version:  v12.18.3
[debug] [2020-12-15T07:00:29.710Z] Time:          Tue Dec 15 2020 12:45:29 GMT+0545 (Nepal Time)
[debug] [2020-12-15T07:00:29.710Z] ----------------------------------------------------------------------
[debug] [2020-12-15T07:00:29.710Z] 
[debug] [2020-12-15T07:00:29.711Z] >>> [apiv2][query] GET https://firebase-public.firebaseio.com/cli.json [none]
[debug] [2020-12-15T07:00:29.728Z] > command requires scopes: ["email","openid","https://www.googleapis.com/auth/cloudplatformprojects.readonly","https://www.googleapis.com/auth/firebase","https://www.googleapis.com/auth/cloud-platform"]
[debug] [2020-12-15T07:00:29.729Z] > authorizing via signed-in user
[debug] [2020-12-15T07:00:29.729Z] [iam] checking project em-proto for permissions ["firebase.projects.get","firebasehosting.sites.update"]
[debug] [2020-12-15T07:00:29.730Z] > refreshing access token with scopes: ["email","https://www.googleapis.com/auth/cloud-platform","https://www.googleapis.com/auth/cloudplatformprojects.readonly","https://www.googleapis.com/auth/firebase","openid"]
[debug] [2020-12-15T07:00:29.731Z] >>> HTTP REQUEST POST https://www.googleapis.com/oauth2/v3/token  
 <request body omitted>
[debug] [2020-12-15T07:00:30.227Z] <<< HTTP RESPONSE 200 {"date":"Tue, 15 Dec 2020 07:00:30 GMT","cache-control":"no-cache, no-store, max-age=0, must-revalidate","pragma":"no-cache","expires":"Mon, 01 Jan 1990 00:00:00 GMT","content-type":"application/json; charset=utf-8","vary":"X-Origin, Referer, Origin,Accept-Encoding","server":"scaffolding on HTTPServer2","x-xss-protection":"0","x-frame-options":"SAMEORIGIN","x-content-type-options":"nosniff","alt-svc":"h3-29=\":443\"; ma=2592000,h3-T051=\":443\"; ma=2592000,h3-Q050=\":443\"; ma=2592000,h3-Q046=\":443\"; ma=2592000,h3-Q043=\":443\"; ma=2592000,quic=\":443\"; ma=2592000; v=\"46,43\"","accept-ranges":"none","transfer-encoding":"chunked"}
[debug] [2020-12-15T07:00:30.234Z] >>> HTTP REQUEST POST https://cloudresourcemanager.googleapis.com/v1/projects/em-proto:testIamPermissions  
 {"permissions":["firebase.projects.get","firebasehosting.sites.update"]}
[debug] [2020-12-15T07:00:31.602Z] <<< [apiv2][status] GET https://firebase-public.firebaseio.com/cli.json 200
[debug] [2020-12-15T07:00:31.602Z] <<< [apiv2][body] GET https://firebase-public.firebaseio.com/cli.json {"cloudBuildErrorAfter":1594252800000,"cloudBuildWarnAfter":1590019200000,"defaultNode10After":1594252800000,"minVersion":"3.0.5","node8DeploysDisabledAfter":1613390400000,"node8RuntimeDisabledAfter":1615809600000,"node8WarnAfter":1600128000000}
[debug] [2020-12-15T07:00:32.301Z] <<< HTTP RESPONSE 200 {"content-type":"application/json; charset=UTF-8","vary":"X-Origin, Referer, Origin,Accept-Encoding","date":"Tue, 15 Dec 2020 07:00:32 GMT","server":"ESF","cache-control":"private","x-xss-protection":"0","x-frame-options":"SAMEORIGIN","x-content-type-options":"nosniff","server-timing":"gfet4t7; dur=1404","alt-svc":"h3-29=\":443\"; ma=2592000,h3-T051=\":443\"; ma=2592000,h3-Q050=\":443\"; ma=2592000,h3-Q046=\":443\"; ma=2592000,h3-Q043=\":443\"; ma=2592000,quic=\":443\"; ma=2592000; v=\"46,43\"","accept-ranges":"none","transfer-encoding":"chunked"}
[debug] [2020-12-15T07:00:32.302Z] [iam] error while checking permissions, command may fail: FirebaseError: Authorization failed. This account is missing the following required permissions on project em-proto:

  firebase.projects.get
  firebasehosting.sites.update
[debug] [2020-12-15T07:00:32.303Z] >>> HTTP REQUEST GET https://firebase.googleapis.com/v1beta1/projects/em-proto  
 
[debug] [2020-12-15T07:00:33.087Z] <<< HTTP RESPONSE 403 {"vary":"X-Origin, Referer, Origin,Accept-Encoding","content-type":"application/json; charset=UTF-8","date":"Tue, 15 Dec 2020 07:00:33 GMT","server":"ESF","cache-control":"private","x-xss-protection":"0","x-frame-options":"SAMEORIGIN","x-content-type-options":"nosniff","alt-svc":"h3-29=\":443\"; ma=2592000,h3-T051=\":443\"; ma=2592000,h3-Q050=\":443\"; ma=2592000,h3-Q046=\":443\"; ma=2592000,h3-Q043=\":443\"; ma=2592000,quic=\":443\"; ma=2592000; v=\"46,43\"","accept-ranges":"none","transfer-encoding":"chunked"}
[debug] [2020-12-15T07:00:33.087Z] <<< HTTP RESPONSE BODY {"error":{"code":403,"message":"The caller does not have permission","status":"PERMISSION_DENIED"}}
[debug] [2020-12-15T07:00:33.089Z] HTTP Error: 403, The caller does not have permission
[debug] [2020-12-15T07:00:33.468Z] FirebaseError: HTTP Error: 403, The caller does not have permission
    at module.exports (/usr/lib/node_modules/firebase-tools/lib/responseToError.js:38:12)
    at Request._callback (/usr/lib/node_modules/firebase-tools/lib/api.js:41:35)
    at Request.self.callback (/usr/lib/node_modules/firebase-tools/node_modules/request/request.js:185:22)
    at Request.emit (events.js:315:20)
    at Request.EventEmitter.emit (domain.js:483:12)
    at Request.<anonymous> (/usr/lib/node_modules/firebase-tools/node_modules/request/request.js:1154:10)
    at Request.emit (events.js:315:20)
    at Request.EventEmitter.emit (domain.js:483:12)
    at IncomingMessage.<anonymous> (/usr/lib/node_modules/firebase-tools/node_modules/request/request.js:1076:12)
    at Object.onceWrapper (events.js:421:28)
    at IncomingMessage.emit (events.js:327:22)
    at IncomingMessage.EventEmitter.emit (domain.js:483:12)
    at endReadableNT (_stream_readable.js:1220:12)
    at processTicksAndRejections (internal/process/task_queues.js:84:21)
[error] 
[error] Error: Failed to get Firebase project em-proto. Please make sure the project exists and your account has permission to access it.
